<?xml version="1.0" encoding="UTF-8"?>
<!-- Generated by org.testng.reporters.JUnitReportReporter -->
<testsuite hostname="LAPTOP-KSSI94B9" failures="0" tests="1" name="testScript.SubCategoryTest" time="6.524" errors="0" timestamp="2025-03-17T12:16:38 IST" skipped="0">
  <testcase classname="testScript.SubCategoryTest" name="verifyWhetherUserIsAbleToDoSubCategoryModule" time="6.524"/>
</testsuite> <!-- testScript.SubCategoryTest -->
