<?xml version="1.0" encoding="UTF-8"?>
<!-- Generated by org.testng.reporters.JUnitReportReporter -->
<testsuite hostname="LAPTOP-KSSI94B9" failures="0" tests="1" name="testScript.AdminUserTest" time="6.701" errors="0" timestamp="2025-03-24T19:38:01 IST" skipped="0">
  <testcase classname="testScript.AdminUserTest" name="verifyWhetherUserIsAbleToSearchAdminUser" time="6.701"/>
</testsuite> <!-- testScript.AdminUserTest -->
