<?xml version="1.0" encoding="UTF-8"?>
<!-- Generated by org.testng.reporters.JUnitReportReporter -->
<testsuite hostname="LAPTOP-KSSI94B9" failures="0" tests="1" name="testScript.LoginTest" time="4.238" errors="0" timestamp="2025-03-24T11:31:45 IST" skipped="0">
  <testcase classname="testScript.LoginTest" name="verifyUserLoginWithValidCredentials" time="4.238"/>
</testsuite> <!-- testScript.LoginTest -->
