<?xml version="1.0" encoding="UTF-8"?>
<!-- Generated by org.testng.reporters.JUnitReportReporter -->
<testsuite hostname="LAPTOP-KSSI94B9" failures="0" tests="1" name="testScript.LoginTest" time="3.531" errors="0" timestamp="2025-03-11T11:53:38 IST" skipped="0">
  <testcase classname="testScript.LoginTest" name="verifyUserLoginWithInvalidCredentials" time="3.531"/>
</testsuite> <!-- testScript.LoginTest -->
