<?xml version="1.0" encoding="UTF-8"?>
<!-- Generated by org.testng.reporters.JUnitReportReporter -->
<testsuite hostname="LAPTOP-KSSI94B9" failures="0" tests="4" name="testScript.LoginTest" time="13.520" errors="0" timestamp="2025-04-01T11:11:13 IST" skipped="0">
  <testcase classname="testScript.LoginTest" name="verifyUserLoginWithValidCredentials" time="3.901"/>
  <testcase classname="testScript.LoginTest" name="verifyUserLoginWithValidUsernameAndInvalidPassword" time="3.080"/>
  <testcase classname="testScript.LoginTest" name="verifyUserLoginWithInvalidUsernameAndValidPassword" time="3.510"/>
  <testcase classname="testScript.LoginTest" name="verifyUserLoginWithInvalidCredentials" time="3.029"/>
</testsuite> <!-- testScript.LoginTest -->
