<?xml version="1.0" encoding="UTF-8"?>
<!-- Generated by org.testng.reporters.JUnitReportReporter -->
<testsuite hostname="LAPTOP-KSSI94B9" failures="0" tests="1" name="testScript.AdminUserTest" time="5.374" errors="0" timestamp="2025-03-20T11:21:56 IST" skipped="0">
  <testcase classname="testScript.AdminUserTest" name="verifyWhetherUserIsAbleToSearchAdminUser" time="5.374"/>
</testsuite> <!-- testScript.AdminUserTest -->
