<?xml version="1.0" encoding="UTF-8"?>
<!-- Generated by org.testng.reporters.JUnitReportReporter -->
<testsuite hostname="LAPTOP-KSSI94B9" failures="0" tests="1" name="testScript.ManageNewsTest" time="5.701" errors="0" timestamp="2025-03-12T17:30:54 IST" skipped="0">
  <testcase classname="testScript.ManageNewsTest" name="verifyWhetherUserIsAbleToAccessManageNewsTest" time="5.701"/>
</testsuite> <!-- testScript.ManageNewsTest -->
