<?xml version="1.0" encoding="UTF-8"?>
<!-- Generated by org.testng.reporters.JUnitReportReporter -->
<testsuite hostname="LAPTOP-KSSI94B9" failures="0" tests="1" name="testScript.LoginTest" time="4.534" errors="0" timestamp="2025-03-14T11:50:15 IST" skipped="0">
  <testcase classname="testScript.LoginTest" name="verifyUserLoginWithValidUsernameAndInvalidPassword" time="4.534"/>
</testsuite> <!-- testScript.LoginTest -->
