<?xml version="1.0" encoding="UTF-8"?>
<!-- Generated by org.testng.reporters.JUnitReportReporter -->
<testsuite hostname="LAPTOP-KSSI94B9" failures="0" tests="1" name="testScript.HomeTest" time="10.760" errors="0" timestamp="2025-03-28T11:12:12 IST" skipped="0">
  <testcase classname="testScript.HomeTest" name="verifyWhetherUserIsAbleToLogoutAfterSuccessfulLogin" time="10.760"/>
</testsuite> <!-- testScript.HomeTest -->
